current directory: /Users/gabriel/rubygm/path/ruby/2.7.0/gems/puma-5.5.0/ext/puma_http11
/Users/gabriel/.rbenv/versions/2.7.2/bin/ruby -I /Users/gabriel/.rbenv/versions/2.7.2/lib/ruby/2.7.0 -r ./siteconf20211005-68828-al7qzp.rb extconf.rb
checking for BIO_read() in -lcrypto... yes
checking for SSL_CTX_new() in -lssl... yes
checking for openssl/bio.h... yes
checking for DTLS_method() in openssl/ssl.h... yes
checking for TLS_server_method() in openssl/ssl.h... yes
checking for SSL_CTX_set_min_proto_version(NULL, 0) in openssl/ssl.h... yes
checking for X509_STORE_up_ref()... yes
checking for SSL_CTX_set_ecdh_auto(NULL, 0) in openssl/ssl.h... yes
checking for Random.bytes... yes
creating Makefile

current directory: /Users/gabriel/rubygm/path/ruby/2.7.0/gems/puma-5.5.0/ext/puma_http11
make "DESTDIR=" clean

current directory: /Users/gabriel/rubygm/path/ruby/2.7.0/gems/puma-5.5.0/ext/puma_http11
make "DESTDIR="
compiling http11_parser.c
compiling mini_ssl.c
compiling puma_http11.c
linking shared-object puma/puma_http11.bundle

current directory: /Users/gabriel/rubygm/path/ruby/2.7.0/gems/puma-5.5.0/ext/puma_http11
make "DESTDIR=" install
/usr/bin/install -c -m 0755 puma_http11.bundle ./.gem.20211005-68828-ji0si1/puma
